<?xml version="1.0" encoding="UTF-8"?>
<!-- Generated by org.testng.reporters.JUnitReportReporter -->
<testsuite hostname="inlen8520040228" failures="0" tests="4" name="com.DemoCarDekhoHybridFramework.qa.testCase.FindNewCarTest" time="28.695" errors="0" timestamp="2024-05-18T21:58:37 IST" skipped="2">
  <testcase classname="com.DemoCarDekhoHybridFramework.qa.testCase.FindNewCarTest" name="findNewCar" time="0.003">
    <skipped/>
  </testcase> <!-- findNewCar -->
  <testcase classname="com.DemoCarDekhoHybridFramework.qa.testCase.FindNewCarTest" name="findNewCar" time="12.934"/>
  <testcase classname="com.DemoCarDekhoHybridFramework.qa.testCase.FindNewCarTest" name="findNewCar" time="0.413">
    <skipped/>
  </testcase> <!-- findNewCar -->
  <testcase classname="com.DemoCarDekhoHybridFramework.qa.testCase.FindNewCarTest" name="findNewCar" time="15.345"/>
</testsuite> <!-- com.DemoCarDekhoHybridFramework.qa.testCase.FindNewCarTest -->
