<?xml version="1.0" encoding="UTF-8"?>
<!-- Generated by org.testng.reporters.JUnitReportReporter -->
<testsuite hostname="inlen8520040228" failures="0" tests="4" name="com.DemoCarDekhoHybridFramework.qa.testCase.CarNameAndPriceTest" time="23.431" errors="0" timestamp="2024-05-18T21:58:37 IST" skipped="2">
  <testcase classname="com.DemoCarDekhoHybridFramework.qa.testCase.CarNameAndPriceTest" name="carNameAndPrice" time="11.249"/>
  <testcase classname="com.DemoCarDekhoHybridFramework.qa.testCase.CarNameAndPriceTest" name="carNameAndPrice" time="10.063"/>
  <testcase classname="com.DemoCarDekhoHybridFramework.qa.testCase.CarNameAndPriceTest" name="carNameAndPrice" time="0.002">
    <skipped/>
  </testcase> <!-- carNameAndPrice -->
  <testcase classname="com.DemoCarDekhoHybridFramework.qa.testCase.CarNameAndPriceTest" name="carNameAndPrice" time="2.117">
    <skipped/>
  </testcase> <!-- carNameAndPrice -->
</testsuite> <!-- com.DemoCarDekhoHybridFramework.qa.testCase.CarNameAndPriceTest -->
